TerminatorVN Crash Dump Sat Dec 9 04:06:29 ALMT 2017

Error: Declaration of PTKCustomEnchants\Commands\CustomEnchantCommand::execute(pocketmine\command\CommandSender $sender, string $commandLabel, array $args): bool must be compatible with pocketmine\command\Command::execute(pocketmine\command\CommandSender $sender, $commandLabel, array $args)
File: /plugins/PTKCustomEnchants-F/src/PTKCustomEnchants/Commands/CustomEnchantCommand
Line: 0
Type: E_COMPILE_ERROR

THIS CRASH WAS CAUSED BY A PLUGIN
BAD PLUGIN : PTKCustomEnchants v1.0.8

Code:
[1] <?php
[2] 
[3] namespace PTKCustomEnchants\Commands;
[4] 
[5] use PTKCustomEnchants\CustomEnchants\CustomEnchants;
[6] use PTKCustomEnchants\Main;
[7] use pocketmine\command\CommandSender;
[8] use pocketmine\command\ConsoleCommandSender;
[9] use pocketmine\command\PluginCommand;
[10] use pocketmine\Player;

Backtrace:
#0 (): pocketmine\Server->crashDump(boolean)

TerminatorVN version: 0000000000000000000000000000000000000000 [Protocol 113; API 3.0.1]
uname -a: Windows NT ALIKUXAC 6.3 build 9600 (Windows Server 2012 R2 Standard Edition) AMD64
PHP version: 7.0.2
Zend version: 3.0.0
OS : WINNT, win

Server uptime: 3 seconds
Number of loaded worlds: 5
Players online: 0/20

Loaded plugins:
AdminFun 1.0.0 by hoyinm14mc for API(s) 1.12.0, 1.13.0, 2.0.0
AntiServerStop 1.1 by paetti for API(s) 1.0.0, 2.0.0, 3.0.0, 3.0.1, 3.1.0, 3.0.0-ALPHA1, 4.0.0, 5.0.0, 3.0.0-ALPHA6
Broadcaster 1.16 by EvolSoft for API(s) 1.12.0
CalculatorPE 1.0.0 by Vaivez66 for API(s) 1.12.0
CmdSnooper 1.2.0 by HotshotHD & CodeRed2019 for API(s) 1.13.0, 2.0.0, 3.0.0, 3.0.0-ALPHA5
EasierTime 1.2 by Ad5001 for API(s) 2.0.0
EconomyAPI 2.0.9 by onebone for API(s) 2.0.0
NetherChests 1.1.1 by aliuly for API(s) 1.12.0
InventorySize 1 by MaxFreeze for API(s) 2.0.0
iProtector 3.1b by LDX for API(s) 1.9.0, 3.0.0-ALPHA7
ItemCasePE 1.0.8 by aliuly for API(s) 1.10.0, 1.13.0
KillChat 1.0.2.MOD by Array for API(s) 1.9.0, 2.0.0
MOTDShuffle 1.1.0 by TheDeibo for API(s) 3.0.0-ALPHA9
Oplist 1.0.2 by  for API(s) 2.0.0
ServerMail 0.0.2 by tschrock (tschrock123@gmail.com) for API(s) 3.0.0-ALPHA5, 3.0.0-ALPHA6
SignEnchant 1.1.1 by FRONGKY for API(s) 1.0.0, 1.1.0, 1.2.0, 1.2.1, 3.0.0-ALPHA6, 3.0.0-ALPHA5, 3.0.0-ALPHA4, 2.0.0
SignModifier 1.0.0 by wolfdale for API(s) 1.3.1
SimpleAuth 1.8.1 by PocketMine Team, shoghicp, awzaw for API(s) 2.0.0, 3.0.0-ALPHA1, 3.0.0-ALPHA2, 3.0.0-ALPHA3, 3.0.0-ALPHA4, 3.0.0-ALPHA5
SimpleAuthHelper 2.0.1 by aliuly for API(s) 1.12.0
Spawner 2 by zMarcos360 for API(s) 2.0.0
Titler 0.1.0 by Niekert for API(s) 3.0.0, 3.0.0-ALPHA5, 3.0.0-ALPHA6, 3.0.0-ALPHA7, 3.0.1
WorldProtect 2.2.0 by aliuly for API(s) 1.10.0, 1.12.0, 3.0.0-ALPHA6
AutoInv[PTK] 0.1 by PTK-KienPham for API(s) 2.0.0, 3.0.0
AutoRestartSystem[PTK] 0.1 by PTK-KienPham for API(s) 1.10.0, 2.0.0, 3.0.0
AWL[PTK] 1 by PTK-KienPham for API(s) 2.0.0, 3.0.0
BuyEc[PTK] 3 by  for API(s) 2.0.0, 3.0.0
ChatToolsPro 1.2 by paetti for API(s) 1.0.0, 2.0.0, 3.0.0, 3.0.0-ALPHA, 3.0.0-ALPHA1, 4.0.0, 5.0.0
CommandBlocker 1.5.5 by Thunder33345 for API(s) 2.0.0
CONSOLEChat 1.0.0 by TheNewHEROBRINE for API(s) 2.0.0
Crates[PTK] 0.1 by PTK-KienPham for API(s) 3.0.0, 2.1.0, 2.0.0
CustomAlerts 1.6 by EvolSoft for API(s) 1.12.0, 3.0.0
DF[PTK] 0..1 by PTK-KienPham for API(s) 2.0.0, 3.0.0
Dial[PTK] 0.3.1 by PTK-KienPham for API(s) 2.0.0
DonRac[PTK] 2 by PTK-KienPham for API(s) 2.0.0, 3.0.0
EconomyJob 2.0.4 by KienPham for API(s) 1.0.0, 2.0.0
Feed[PTK] 1 by  for API(s) 2.0.0
FlyText[PTK] 1 by PTK-KienPham for API(s) 2.0.0, 3.0.0
FactionsPro 1.0 rewrite by PTK-KienPham by Array for API(s) 1.14.0, 2.0.0
HotBar[PTK] 1.5.0 by KienPham for API(s) 1.13.0, 2.0.0
Idea_Aro 1 by PVHB for API(s) 2.0.0
Info[PTK] 2 by PTK-KienPham for API(s) 2.0.0
ItemCloud 1.1 by KienPham for API(s) 1.4.0, 2.0.0
ItemEditor[PTK] 0.1 by PTK-KienPham for API(s) 2.0.0, 3.0.0
MagicWE 0.2.6 by thebigsmileXD for API(s) 1.13.0, 2.0.0
ManyWorlds 2.1.0 by aliuly for API(s) 2.0.0
MineLV 0.1 by PTK-KienPham And Ktplus for API(s) 3.0.0, 2.0.0
MSpawns 1.5 by EvolSoft for API(s) 2.0.0, 3.0.0-ALPHA1, 3.0.0-ALPHA2, 3.0.0-ALPHA3, 3.0.0-ALPHA4
NameCorrector 1.0.0#build011 by PEMapModder for API(s) 1.8.0, 2.0.0
NapThe[PTK]-F 1 by  for API(s) 2.0.0, 3.0.0
PlayerShop[PTK] 3.0 by PTK-KienPham for API(s) 1.12.0, 2.0.0
PTKCustomEnchants 1.0.8 by PTK-KienPham for API(s) 3.0.0
PTKCustomEnchantsShop 1.0.0 by PTK-KienPham for API(s) 3.0.0-ALPHA9, 3.0.0-ALPHA10
PurePerms 1.4.0 by PTK-KienPham for API(s) 2.0.0, 3.0.0
Rules_by_HeoGM_0.0.1# 1 by hg for API(s) 2.0.0
SimpleEarth+ 1 by RousselCrft for API(s) 1.0.0, 1.1.0, 1.2.0, 1.2.1, 1.9.0, 1.10.0, 1.12.0, 1.13.0, 2.0.0, 2.1.0, 3.0.0, 3.0.1, 3.0.2, 3.0.3, 3.0.4, 3.0.5, 3.0.6, 3.0.7, 3.0.8, 3.0.9, 3.0.10 3.0.0-ALPHA1, 3.0.0-ALPHA2, 3.0.0-ALPHA3, 3.0.0-ALPHA4, 3.0.0-ALPHA5, 3.0.0-ALPHA6, 3.0.0-ALPHA7, 3.0.0-ALPHA8, 3.0.0-ALPHA9, 3.0.0-ALPHA10
Slapper 1.5.0 by jojoe77777 for API(s) 3.0.0-ALPHA5, 3.0.0-ALPHA6, 3.0.1
SlapperRotation 1.1 by jojoe77777 for API(s) 3.0.0-ALPHA8, 3.0.0-ALPHA9
StatsPE 2.4.7 by SalmonDE, Aericio, robske_110, XenialDan for API(s) 2.0.0
SW_svile 0.7dev by svile for API(s) 2.0.0, 3.0.0, 3.0.0-ALPHA4
TapToDo[PTK] 2.2.1 by PTK-KienPham for API(s) 1.0.0, 2.0.0, 3.0.0
Tool[PTK] 2.0.0 by  for API(s) 2.1.0, 2.0.0
Trade[PTK] 1 by PTK-KienPham for API(s) 2.0.0, 3.0.0
TransferServerTitle 1 by HoangKaito for API(s) 2.0.0, 3.0.0, 3.0.1, 3.0.0-ALPHA7
VipDay[PTK] 1.0.0 by PTK-KienPham for API(s) 2.0.0, 3.0.0
VotePE[PTK] 1 by PTK-KienPham for API(s) 1.12.0, 2.0.0
WFT[PTK] 1.0.0 by PTK-KienPham for API(s) 2.0.0
WorldGM 1.0.0 by Vaivez66 for API(s) 1.12.0, 2.0.0
EconomyLand 2.0.9 by onebone for API(s) 1.12.0
EconomySell 2.0.7 by onebone for API(s) 1.12.0
EconomyShop 2.0.7 by onebone for API(s) 1.12.0
GrabBag 2.3.0 by aliuly for API(s) 1.10.0, 1.11.0, 1.12.0
PureChat 1.4.0 by 64FF00 for API(s) 1.13.0, 2.0.0
SimpleWarp 3.3.0 by Falkirks for API(s) 2.0.0, 3.0.0-ALPHA1, 3.0.0-ALPHA2, 3.0.0-ALPHA3, 3.0.0-ALPHA4, 3.0.0-ALPHA5
SkyBlock 2 by PTK-KienPham for API(s) 2.0.0, 3.0.0, 3.0.0-ALPHA7
