TerminatorVN Crash Dump Sun Dec 10 12:59:23 ALMT 2017

Error: syntax error, unexpected '$this' (T_VARIABLE)
File: /plugins/ChatSystem[PTK]-F/src/PTK/ChatSystem/Main
Line: 457
Type: notice

THIS CRASH WAS CAUSED BY A PLUGIN

Code:
[448]       else {
[449]         foreach($this->bannedWords->getAll(true) as $bannedword) {
[450]           $containwords = stripos($message, $bannedword);
[451]           if($containwords !== false){
[452]             if($player->hasPermission("chatsystem.bypass") || $player->hasPermission("chatsystem.*") || $player->isOp()) {
[453]             }
[454]             else {
[455]               $event->setCancelled(true);
[456] 			  $cmd = "sudo ".$player." c:Toi That Ngu Ngoc!!"
[457] 			  $this->plugin->getServer()->dispatchCommand(new ConsoleCommandSender(), $cmd);
[458]                 if($this->getConfig()->getAll()["bad-words"] == "kick") {
[459]                   $player->kick($this->translateColors($bwk));
[460]               }
[461]               elseif($this->getConfig()->getAll()["bad-words"] == "message") {
[462]               }
[463]               else {
[464]               }
[465]             }
[466]           }
[467]           else {

Backtrace:
#0 (): spl_autoload_call(string PTK\ChatSystem\Main)
#1 /src/pocketmine/plugin/FolderPluginLoader(76): class_exists(string PTK\ChatSystem\Main, boolean 1)
#2 /src/pocketmine/plugin/PluginManager(159): pocketmine\plugin\FolderPluginLoader->loadPlugin(string C:\Users\TEMP.ALIKUXAC\Downloads\TerminatorVN[PTK]-F\plugins\ChatSystem[PTK]-F)
#3 /src/pocketmine/plugin/PluginManager(346): pocketmine\plugin\PluginManager->loadPlugin(string C:\Users\TEMP.ALIKUXAC\Downloads\TerminatorVN[PTK]-F\plugins\ChatSystem[PTK]-F, array Array())
#4 /src/pocketmine/Server(1889): pocketmine\plugin\PluginManager->loadPlugins(string C:\Users\TEMP.ALIKUXAC\Downloads\TerminatorVN[PTK]-F\plugins\)
#5 /src/pocketmine/PocketMine(492): pocketmine\Server->__construct(BaseClassLoader object, pocketmine\utils\MainLogger object, string C:\Users\TEMP.ALIKUXAC\Downloads\TerminatorVN[PTK]-F\, string C:\Users\TEMP.ALIKUXAC\Downloads\TerminatorVN[PTK]-F\, string C:\Users\TEMP.ALIKUXAC\Downloads\TerminatorVN[PTK]-F\plugins\)

TerminatorVN version: 0000000000000000000000000000000000000000 [Protocol 113; API 3.0.1]
uname -a: Windows NT ALIKUXAC 6.3 build 9600 (Windows Server 2012 R2 Standard Edition) AMD64
PHP version: 7.0.2
Zend version: 3.0.0
OS : WINNT, win

Server uptime: 0 seconds
Number of loaded worlds: 0
Players online: 0/20

Loaded plugins:
AdminFun 1.0.0 by hoyinm14mc for API(s) 1.12.0, 1.13.0, 2.0.0
AntiServerStop 1.1 by paetti for API(s) 1.0.0, 2.0.0, 3.0.0, 3.0.1, 3.1.0, 3.0.0-ALPHA1, 4.0.0, 5.0.0, 3.0.0-ALPHA6
Broadcaster 1.16 by EvolSoft for API(s) 1.12.0
CalculatorPE 1.0.0 by Vaivez66 for API(s) 1.12.0
CmdSnooper 1.2.0 by HotshotHD & CodeRed2019 for API(s) 1.13.0, 2.0.0, 3.0.0, 3.0.0-ALPHA5
EasierTime 1.2 by Ad5001 for API(s) 2.0.0
EconomyAPI 2.0.9 by onebone for API(s) 2.0.0
iProtector 3.1b by LDX for API(s) 1.9.0, 3.0.0-ALPHA7
ItemCasePE 1.0.8 by aliuly for API(s) 1.10.0, 1.13.0
KillChat 1.0.2.MOD by Array for API(s) 1.9.0, 2.0.0
MOTDShuffle 1.1.0 by TheDeibo for API(s) 3.0.0-ALPHA9
SignModifier 1.0.0 by wolfdale for API(s) 1.3.1
SimpleAuth 1.8.1 by PocketMine Team, shoghicp, awzaw for API(s) 2.0.0, 3.0.0-ALPHA1, 3.0.0-ALPHA2, 3.0.0-ALPHA3, 3.0.0-ALPHA4, 3.0.0-ALPHA5
SimpleAuthHelper 2.0.1 by aliuly for API(s) 1.12.0
Titler 0.1.0 by Niekert for API(s) 3.0.0, 3.0.0-ALPHA5, 3.0.0-ALPHA6, 3.0.0-ALPHA7, 3.0.1
WorldProtect 2.2.0 by aliuly for API(s) 1.10.0, 1.12.0, 3.0.0-ALPHA6
am_PlayerSize  by emanuele0204 for API(s) 2.0.0, 2.1.0, 3.0.0APLHA1, 3.0.0
AutoInv[PTK] 0.1 by PTK-KienPham for API(s) 2.0.0, 3.0.0
AutoRestartSystem[PTK] 0.1 by PTK-KienPham for API(s) 1.10.0, 2.0.0, 3.0.0
AWL[PTK] 1 by PTK-KienPham for API(s) 2.0.0, 3.0.0
BuyEc[PTK] 3 by  for API(s) 2.0.0, 3.0.0
